[INFO] Scanning for projects...
[INFO]                                                                         
[INFO] ------------------------------------------------------------------------
[INFO] Building CamSurvelliance 1.0-SNAPSHOT
[INFO] ------------------------------------------------------------------------
[INFO] 
[INFO] --- exec-maven-plugin:1.4.0:java (default-cli) @ CamSurvelliance ---
SLF4J: Failed to load class "org.slf4j.impl.StaticLoggerBinder".
SLF4J: Defaulting to no-operation (NOP) logger implementation
SLF4J: See http://www.slf4j.org/codes.html#StaticLoggerBinder for further details.
sending image...
sending image...
sending image...
sending image...
sending image...
sending image...
sending image...
sending image...
sending image...
sending image...
sending image...
sending image...
sending image...
sending image...
sending image...
sending image...
sending image...
sending image...
sending image...
sending image...
sending image...
sending image...
sending image...
sending image...
sending image...
sending image...
sending image...
sending image...
sending image...
sending image...
sending image...
sending image...
sending image...
sending image...
sending image...
sending image...
sending image...
sending image...
sending image...
sending image...
sending image...
sending image...
sending image...
sending image...
sending image...
sending image...
sending image...
sending image...
sending image...
sending image...
sending image...
sending image...
sending image...
sending image...
sending image...
sending image...
sending image...
sending image...
sending image...
sending image...
sending image...
sending image...
sending image...
sending image...
sending image...
sending image...
sending image...
sending image...
sending image...
sending image...
sending image...
sending image...
sending image...
sending image...
sending image...
sending image...
sending image...
sending image...
sending image...
sending image...
sending image...
sending image...
sending image...
sending image...
sending image...
sending image...
sending image...
sending image...
sending image...
sending image...
sending image...
sending image...
sending image...
sending image...
sending image...
sending image...
sending image...
sending image...
sending image...
sending image...
sending image...
sending image...
[WARNING] 
java.lang.reflect.InvocationTargetException
	at sun.reflect.NativeMethodAccessorImpl.invoke0(Native Method)
	at sun.reflect.NativeMethodAccessorImpl.invoke(NativeMethodAccessorImpl.java:62)
	at sun.reflect.DelegatingMethodAccessorImpl.invoke(DelegatingMethodAccessorImpl.java:43)
	at java.lang.reflect.Method.invoke(Method.java:498)
	at org.codehaus.mojo.exec.ExecJavaMojo$1.run(ExecJavaMojo.java:293)
	at java.lang.Thread.run(Thread.java:745)
Caused by: java.lang.NullPointerException
	at javax.imageio.stream.FileCacheImageOutputStream.close(FileCacheImageOutputStream.java:229)
	at javax.imageio.ImageIO.write(ImageIO.java:1580)
	at tomac.camsurvelliance.comunication.ImageMessage.writeObject(ImageMessage.java:42)
	at sun.reflect.GeneratedMethodAccessor6.invoke(Unknown Source)
	at sun.reflect.DelegatingMethodAccessorImpl.invoke(DelegatingMethodAccessorImpl.java:43)
	at java.lang.reflect.Method.invoke(Method.java:498)
	at java.io.ObjectStreamClass.invokeWriteObject(ObjectStreamClass.java:1028)
	at java.io.ObjectOutputStream.writeSerialData(ObjectOutputStream.java:1496)
	at java.io.ObjectOutputStream.writeOrdinaryObject(ObjectOutputStream.java:1432)
	at java.io.ObjectOutputStream.writeObject0(ObjectOutputStream.java:1178)
	at java.io.ObjectOutputStream.writeObject(ObjectOutputStream.java:348)
	at tomac.camsurvelliance.cam.ClientProvider.main(ClientProvider.java:45)
	... 6 more
